<?xml version="1.0" encoding="UTF-8"?>
<!-- Generated by org.testng.reporters.JUnitReportReporter -->
<testsuite hostname="Kolhar-NB" name="ApiTest" tests="13" failures="0" timestamp="21 Feb 2017 18:01:20 GMT" time="18.247" errors="0">
  <testcase name="httpPostNegativeNoMetric" time="0.029" classname="ApiTest"/>
  <testcase name="httpPostUpdateNegativeNoMetric" time="0.029" classname="ApiTest"/>
  <testcase name="httpGetReadList" time="0.048" classname="ApiTest"/>
  <testcase name="httpPostNegative" time="0.041" classname="ApiTest"/>
  <testcase name="httpDeleteEmpty" time="0.031" classname="ApiTest"/>
  <testcase name="httpPost" time="16.182" classname="ApiTest"/>
  <testcase name="httpGetSingle" time="1.531" classname="ApiTest"/>
  <testcase name="httpGetSingleNegative" time="0.030" classname="ApiTest"/>
  <testcase name="httpPostUpdate" time="0.060" classname="ApiTest"/>
  <testcase name="httpDelete" time="0.061" classname="ApiTest"/>
  <testcase name="httpGetReadListNegative" time="0.026" classname="ApiTest"/>
  <testcase name="httpDeleteNegative" time="0.049" classname="ApiTest"/>
  <testcase name="httpPostUpdateNegative" time="0.130" classname="ApiTest"/>
</testsuite> <!-- ApiTest -->
