<?xml version="1.0" encoding="UTF-8"?>
<!-- Generated by org.testng.reporters.JUnitReportReporter -->
<testsuite hostname="Kolhar-NB" name="readEventTest" tests="10" failures="0" timestamp="21 Feb 2017 18:01:20 GMT" time="316.026" errors="0">
  <testcase name="readRecordQuarter" time="22.378" classname="readEventTest"/>
  <testcase name="addRecordPositive" time="33.018" classname="readEventTest"/>
  <testcase name="invalidDateNegative" time="32.853" classname="readEventTest"/>
  <testcase name="nonAlphanumericDetailsNegative" time="32.126" classname="readEventTest"/>
  <testcase name="deleteRecord" time="36.064" classname="readEventTest"/>
  <testcase name="readRecordWeek" time="27.158" classname="readEventTest"/>
  <testcase name="readRecordMonth" time="17.871" classname="readEventTest"/>
  <testcase name="readDetailView" time="34.335" classname="readEventTest"/>
  <testcase name="longLengthDetailsNegative" time="45.011" classname="readEventTest"/>
  <testcase name="emptyDetailsNegative" time="35.212" classname="readEventTest"/>
</testsuite> <!-- readEventTest -->
