<?xml version="1.0" encoding="UTF-8"?>
<!-- Generated by org.testng.reporters.JUnitReportReporter -->
<testsuite hostname="Kolhar-NB" name="eventIT" tests="5" failures="0" timestamp="21 Feb 2017 17:44:12 GMT" time="709.291" errors="0">
  <testcase name="validateAdd" time="594.341" classname="eventIT"/>
  <testcase name="validateAddMetric" time="56.854" classname="eventIT"/>
  <testcase name="validateDelete" time="33.362" classname="eventIT"/>
  <testcase name="validateEventPage" time="13.975" classname="eventIT"/>
  <testcase name="validateUpdate" time="10.759" classname="eventIT"/>
</testsuite> <!-- eventIT -->
